{
  "stats": {
    "suites": 1,
    "tests": 1,
    "passes": 0,
    "pending": 0,
    "failures": 1,
    "start": "2025-09-10T16:23:36.485Z",
    "end": "2025-09-10T16:23:49.519Z",
    "duration": 13034,
    "testsRegistered": 1,
    "passPercent": 0,
    "pendingPercent": 0,
    "other": 0,
    "hasOther": false,
    "skipped": 0,
    "hasSkipped": false
  },
  "results": [
    {
      "uuid": "435550c1-2dd7-40af-a296-416907c5e9e0",
      "title": "",
      "fullFile": "cypress\\e2e\\recipe_creation.cy.js",
      "file": "cypress\\e2e\\recipe_creation.cy.js",
      "beforeHooks": [],
      "afterHooks": [],
      "tests": [],
      "suites": [
        {
          "uuid": "6143358e-2eff-42bc-91ef-63280eca98ef",
          "title": "Creación de Recetas",
          "fullFile": "",
          "file": "",
          "beforeHooks": [],
          "afterHooks": [],
          "tests": [
            {
              "title": "debería permitir crear una receta con múltiples ingredientes",
              "fullTitle": "Creación de Recetas debería permitir crear una receta con múltiples ingredientes",
              "timedOut": null,
              "duration": 13002,
              "state": "failed",
              "speed": null,
              "pass": false,
              "fail": true,
              "pending": false,
              "context": "{\n  \"title\": \"cypress-mochawesome-reporter-screenshots\",\n  \"value\": [\n    [\n      \"\\\\recipe_creation.cy.js\\\\Creación de Recetas -- debería permitir crear una receta con múltiples ingredientes (failed).png\"\n    ]\n  ]\n}",
              "code": "// 1) Navegar a la vista de Recetas\ncy.get('button[data-view=\"recipes\"]').click();\ncy.contains('h2', 'Biblioteca de Recetas', {\n  timeout: 10000\n}).should('be.visible');\n// 2) Componer la receta\ncy.get('input[name=\"recipeName\"]').clear().type('Ensalada de Pollo y Manzana');\n// Añadir 150g Pechuga de Pollo\ncy.get('select[name=\"ingredientSelect\"]').select('Pechuga de Pollo');\ncy.get('input[name=\"grams\"]').clear().type('150');\ncy.get('#add-ingredient-to-recipe-btn').click();\n// Añadir 75g Espinacas Frescas\ncy.get('select[name=\"ingredientSelect\"]').select('Espinacas Frescas');\ncy.get('input[name=\"grams\"]').clear().type('75');\ncy.get('#add-ingredient-to-recipe-btn').click();\n// Añadir 50g Manzana Fuji\ncy.get('select[name=\"ingredientSelect\"]').select('Manzana Fuji');\ncy.get('input[name=\"grams\"]').clear().type('50');\ncy.get('#add-ingredient-to-recipe-btn').click();\n// Guardar la receta\ncy.contains('button', 'Guardar Receta').click();\n// 3) Verificar la creación\n// Esperar a que la tarjeta de la receta esté visible en la biblioteca y abrirla\ncy.contains('[data-action=\"view-recipe\"]', 'Ensalada de Pollo y Manzana', {\n  timeout: 20000\n}).should('be.visible').click();\n// Verificar título en detalle\ncy.contains('h2', 'Ensalada de Pollo y Manzana', {\n  timeout: 20000\n}).should('be.visible');\n// Verificar ingredientes con sus pesos usando selectores relativos y timeouts mayores\n// Pechuga de Pollo -> 150g\ncy.contains('h4', 'Pechuga de Pollo', {\n  timeout: 10000\n}).should('be.visible').parent().within(() => {\n  cy.contains('150g', {\n    timeout: 10000\n  }).should('exist');\n});\n// Espinacas Frescas -> 75g\ncy.contains('h4', 'Espinacas Frescas', {\n  timeout: 10000\n}).should('be.visible').parent().within(() => {\n  cy.contains('75g', {\n    timeout: 10000\n  }).should('exist');\n});\n// Manzana Fuji -> 50g\ncy.contains('h4', 'Manzana Fuji', {\n  timeout: 10000\n}).should('be.visible').parent().within(() => {\n  cy.contains('50g', {\n    timeout: 10000\n  }).should('exist');\n});\n// Verificar peso por ración total (275g)\ncy.get('.text-2xl.font-bold.text-blue-600', {\n  timeout: 10000\n}).should('contain', '275g');",
              "err": {
                "message": "AssertionError: Timed out retrying after 10000ms: Expected to find content: '150g' within the element: <div.flex-1> but never did.",
                "estack": "AssertionError: Timed out retrying after 10000ms: Expected to find content: '150g' within the element: <div.flex-1> but never did.\n    at Context.eval (webpack://1.0/./cypress/e2e/recipe_creation.cy.js:57:48)\n    at withinFn (http://localhost:60594/__cypress/runner/cypress_runner.js:135818:8)\n    at <unknown> (http://localhost:60594/__cypress/runner/cypress_runner.js:135899:16)\n    at __WEBPACK_DEFAULT_EXPORT__ (http://localhost:60594/__cypress/runner/cypress_runner.js:133734:10)\n    at Context.within (http://localhost:60594/__cypress/runner/cypress_runner.js:135885:67)\n    at wrapped (http://localhost:60594/__cypress/runner/cypress_runner.js:141533:19)",
                "diff": null
              },
              "uuid": "46dc9c7e-14e4-44e6-bb17-28812e01d5fa",
              "parentUUID": "6143358e-2eff-42bc-91ef-63280eca98ef",
              "isHook": false,
              "skipped": false
            }
          ],
          "suites": [],
          "passes": [],
          "failures": [
            "46dc9c7e-14e4-44e6-bb17-28812e01d5fa"
          ],
          "pending": [],
          "skipped": [],
          "duration": 13002,
          "root": false,
          "rootEmpty": false,
          "_timeout": 2000
        }
      ],
      "passes": [],
      "failures": [],
      "pending": [],
      "skipped": [],
      "duration": 0,
      "root": true,
      "rootEmpty": true,
      "_timeout": 2000
    }
  ],
  "meta": {
    "mocha": {
      "version": "7.2.0"
    },
    "mochawesome": {
      "options": {
        "quiet": false,
        "reportFilename": "recipe_creation_report",
        "saveHtml": false,
        "saveJson": true,
        "consoleReporter": "spec",
        "useInlineDiffs": false,
        "code": true
      },
      "version": "7.1.3"
    },
    "marge": {
      "options": {
        "reportDir": "cypress\\results\\.jsons",
        "reportFilename": "recipe_creation_report",
        "quiet": false,
        "overwrite": false,
        "html": false,
        "json": true
      },
      "version": "6.2.0"
    }
  }
}