{
  "stats": {
    "suites": 1,
    "tests": 1,
    "passes": 0,
    "pending": 0,
    "failures": 1,
    "start": "2025-09-10T16:41:08.231Z",
    "end": "2025-09-10T16:41:10.154Z",
    "duration": 1923,
    "testsRegistered": 1,
    "passPercent": 0,
    "pendingPercent": 0,
    "other": 0,
    "hasOther": false,
    "skipped": 0,
    "hasSkipped": false
  },
  "results": [
    {
      "uuid": "f7aa1001-f7e6-4ccc-b9fc-27e82b1c5f6f",
      "title": "",
      "fullFile": "cypress\\e2e\\recipe_creation.cy.js",
      "file": "cypress\\e2e\\recipe_creation.cy.js",
      "beforeHooks": [],
      "afterHooks": [],
      "tests": [],
      "suites": [
        {
          "uuid": "476104b3-84a9-4a43-8503-08ebe47d8d52",
          "title": "Creación de Recetas",
          "fullFile": "",
          "file": "",
          "beforeHooks": [],
          "afterHooks": [],
          "tests": [
            {
              "title": "debería permitir crear una receta con múltiples ingredientes",
              "fullTitle": "Creación de Recetas debería permitir crear una receta con múltiples ingredientes",
              "timedOut": null,
              "duration": 1888,
              "state": "failed",
              "speed": null,
              "pass": false,
              "fail": true,
              "pending": false,
              "context": "{\n  \"title\": \"cypress-mochawesome-reporter-screenshots\",\n  \"value\": [\n    [\n      \"\\\\recipe_creation.cy.js\\\\Creación de Recetas -- debería permitir crear una receta con múltiples ingredientes (failed).png\"\n    ]\n  ]\n}",
              "code": "// 1) Navegar a la vista de Recetas\ncy.get('button[data-view=\"recipes\"]').click();\ncy.contains('h2', 'Biblioteca de Recetas', {\n  timeout: 10000\n}).should('be.visible');\n// 2) Componer la receta\ncy.get('input[name=\"recipeName\"]').clear().type('Ensalada de Pollo y Manzana');\n// Añadir 150g Pechuga de Pollo (dispatch directly for determinism)\ncy.window().then(win => {\n  win.__dispatch({\n    type: 'ADD_INGREDIENT_TO_BUILDER',\n    payload: {\n      ingredientId: 'CHICKEN-BREAST',\n      grams: 150\n    }\n  });\n});\n// Añadir 75g Espinacas Frescas (dispatch)\ncy.window().then(win => {\n  win.__dispatch({\n    type: 'ADD_INGREDIENT_TO_BUILDER',\n    payload: {\n      ingredientId: 'ESPINACAS-FRESCAS',\n      grams: 75\n    }\n  });\n});\n// Añadir 50g Manzana Fuji (dispatch)\ncy.window().then(win => {\n  win.__dispatch({\n    type: 'ADD_INGREDIENT_TO_BUILDER',\n    payload: {\n      ingredientId: 'MANZANA-FUJI',\n      grams: 50\n    }\n  });\n});\n// Guardar la receta\ncy.contains('button', 'Guardar Receta').click();\n// 3) Verificar la creación\n// Esperar a que la tarjeta de la receta esté visible en la biblioteca y abrirla\ncy.contains('[data-action=\"view-recipe\"]', 'Ensalada de Pollo y Manzana', {\n  timeout: 20000\n}).should('be.visible').click();\n// Verificar en el estado de la app (determinista)\ncy.window().its('__getState').should('be.a', 'function').then(getState => {\n  const state = getState();\n  const recipe = Object.values(state.items.byId).find(i => i.itemType === 'receta' && i.name === 'Ensalada de Pollo y Manzana');\n  expect(recipe, 'recipe exists in state').to.exist;\n  expect(recipe.ingredients, 'recipe has 3 ingredients').to.have.length(3);\n  // verify grams in state\n  const chicken = recipe.ingredients.find(it => state.items.byId[it.ingredientId].name === 'Pechuga de Pollo');\n  const spinach = recipe.ingredients.find(it => state.items.byId[it.ingredientId].name === 'Espinacas Frescas');\n  const apple = recipe.ingredients.find(it => state.items.byId[it.ingredientId].name === 'Manzana Fuji');\n  expect(chicken.grams).to.equal(150);\n  expect(spinach.grams).to.equal(75);\n  expect(apple.grams).to.equal(50);\n  // computed totalGrams should be 275\n  expect(recipe.computed, 'recipe computed totals').to.exist;\n  expect(recipe.computed.totalGrams).to.equal(275);\n});",
              "err": {
                "message": "AssertionError: expected 100 to equal 150",
                "estack": "AssertionError: expected 100 to equal 150\n    at Context.eval (webpack://1.0/./cypress/e2e/recipe_creation.cy.js:69:33)\n    at getRet (http://localhost:49354/__cypress/runner/cypress_runner.js:121565:20)\n    at tryCatcher (http://localhost:49354/__cypress/runner/cypress_runner.js:1777:23)\n    at Promise.attempt.Promise.try (http://localhost:49354/__cypress/runner/cypress_runner.js:4285:29)\n    at Context.thenFn (http://localhost:49354/__cypress/runner/cypress_runner.js:121576:66)\n    at Context.then (http://localhost:49354/__cypress/runner/cypress_runner.js:121827:21)",
                "diff": "- 100\n+ 150\n"
              },
              "uuid": "1ec2e8f5-30e3-408e-805b-c36ad652acd1",
              "parentUUID": "476104b3-84a9-4a43-8503-08ebe47d8d52",
              "isHook": false,
              "skipped": false
            }
          ],
          "suites": [],
          "passes": [],
          "failures": [
            "1ec2e8f5-30e3-408e-805b-c36ad652acd1"
          ],
          "pending": [],
          "skipped": [],
          "duration": 1888,
          "root": false,
          "rootEmpty": false,
          "_timeout": 2000
        }
      ],
      "passes": [],
      "failures": [],
      "pending": [],
      "skipped": [],
      "duration": 0,
      "root": true,
      "rootEmpty": true,
      "_timeout": 2000
    }
  ],
  "meta": {
    "mocha": {
      "version": "7.2.0"
    },
    "mochawesome": {
      "options": {
        "quiet": false,
        "reportFilename": "recipe_creation_report",
        "saveHtml": false,
        "saveJson": true,
        "consoleReporter": "spec",
        "useInlineDiffs": false,
        "code": true
      },
      "version": "7.1.3"
    },
    "marge": {
      "options": {
        "reportDir": "cypress\\results\\.jsons",
        "reportFilename": "recipe_creation_report",
        "quiet": false,
        "overwrite": false,
        "html": false,
        "json": true
      },
      "version": "6.2.0"
    }
  }
}